<?xml version="1.0" encoding="UTF-8"?>
<!-- Generated by org.testng.reporters.JUnitXMLReporter -->
<testsuite ignored="0" hostname="DESKTOP-KFF6RM1" failures="0" tests="6" name="Default test" time="0.113" errors="0" timestamp="2022-09-24T00:34:33 WIB">
  <testcase classname="ujian.ujiankelima.testng.TestParseStringToNumeric" name="testParseToInt" time="0.013"/>
  <testcase classname="ujian.ujiankelima.testng.TestParseStringToNumeric" name="testParseToLong" time="0.002"/>
  <testcase classname="ujian.ujiankelima.testng.TestParseStringToNumeric" name="testParseToByte" time="0.002"/>
  <testcase classname="ujian.ujiankelima.testng.TestParseStringToNumeric" name="testParseToShort" time="0.002"/>
  <testcase classname="ujian.ujiankelima.testng.TestParseStringToNumeric" name="testParseToFloat" time="0.003"/>
  <testcase classname="ujian.ujiankelima.testng.TestParseStringToNumeric" name="testParseToDouble" time="0.002"/>
</testsuite> <!-- Default test -->
