<?xml version="1.0" encoding="UTF-8"?>
<!-- Generated by org.testng.reporters.JUnitXMLReporter -->
<testsuite ignored="0" hostname="DESKTOP-KFF6RM1" failures="0" tests="4" name="Test" time="0.057" errors="0" timestamp="2022-09-06T13:17:54 WIB">
  <testcase classname="ujian.ujiankedua.TestCalculator" name="testAddNilai" time="0.009"/>
  <testcase classname="ujian.ujiankedua.TestCalculator" name="testDivideNilai" time="0.001"/>
  <testcase classname="ujian.ujiankedua.TestSortAlgoDynamic" name="testPertama" time="0.001"/>
  <testcase classname="ujian.ujiankedua.TestSortAlgoDynamic" name="testKedua" time="0.001"/>
</testsuite> <!-- Test -->
