<?xml version="1.0" encoding="UTF-8"?>
<testng-results ignored="0" total="8" passed="8" failed="0" skipped="0">
  <reporter-output>
  </reporter-output>
  <suite started-at="2022-09-25T01:46:35 WIB" name="Default suite" finished-at="2022-09-25T01:47:27 WIB" duration-ms="51644">
    <groups>
      <group name="cucumber">
        <method signature="AbstractTestNGCucumberTests.runScenario(io.cucumber.testng.PickleWrapper,io.cucumber.testng.FeatureWrapper)[pri:0, instance:ujian.ujiankelima.cucumber.DemoQARunner@6574a52c]" name="runScenario" class="io.cucumber.testng.AbstractTestNGCucumberTests"/>
      </group> <!-- cucumber -->
    </groups>
    <test started-at="2022-09-25T01:46:35 WIB" name="Default test" finished-at="2022-09-25T01:47:27 WIB" duration-ms="51644">
      <class name="ujian.ujiankelima.cucumber.DemoQARunner">
        <test-method is-config="true" signature="setUpClass(org.testng.ITestContext)[pri:0, instance:ujian.ujiankelima.cucumber.DemoQARunner@6574a52c]" started-at="2022-09-25T01:46:35 WIB" name="setUpClass" finished-at="2022-09-25T01:46:36 WIB" duration-ms="641" status="PASS">
          <params>
            <param index="0">
              <value>
                <![CDATA[org.testng.TestRunner@3a5e2525]]>
              </value>
            </param>
          </params>
          <reporter-output>
          </reporter-output>
        </test-method> <!-- setUpClass -->
        <test-method signature="runScenario(io.cucumber.testng.PickleWrapper,io.cucumber.testng.FeatureWrapper)[pri:0, instance:ujian.ujiankelima.cucumber.DemoQARunner@6574a52c]" started-at="2022-09-25T01:46:36 WIB" name="runScenario" description="Runs Cucumber Scenarios" data-provider="scenarios" finished-at="2022-09-25T01:46:46 WIB" duration-ms="10042" status="PASS">
          <params>
            <param index="0">
              <value>
                <![CDATA["Login invalid"]]>
              </value>
            </param>
            <param index="1">
              <value>
                <![CDATA["Login Invalid"]]>
              </value>
            </param>
          </params>
          <reporter-output>
          </reporter-output>
        </test-method> <!-- runScenario -->
        <test-method signature="runScenario(io.cucumber.testng.PickleWrapper,io.cucumber.testng.FeatureWrapper)[pri:0, instance:ujian.ujiankelima.cucumber.DemoQARunner@6574a52c]" started-at="2022-09-25T01:46:46 WIB" name="runScenario" description="Runs Cucumber Scenarios" data-provider="scenarios" finished-at="2022-09-25T01:46:51 WIB" duration-ms="4982" status="PASS">
          <params>
            <param index="0">
              <value>
                <![CDATA["Login invalid"]]>
              </value>
            </param>
            <param index="1">
              <value>
                <![CDATA["Login Invalid"]]>
              </value>
            </param>
          </params>
          <reporter-output>
          </reporter-output>
        </test-method> <!-- runScenario -->
        <test-method signature="runScenario(io.cucumber.testng.PickleWrapper,io.cucumber.testng.FeatureWrapper)[pri:0, instance:ujian.ujiankelima.cucumber.DemoQARunner@6574a52c]" started-at="2022-09-25T01:46:51 WIB" name="runScenario" description="Runs Cucumber Scenarios" data-provider="scenarios" finished-at="2022-09-25T01:46:55 WIB" duration-ms="4349" status="PASS">
          <params>
            <param index="0">
              <value>
                <![CDATA["Login invalid"]]>
              </value>
            </param>
            <param index="1">
              <value>
                <![CDATA["Login Invalid"]]>
              </value>
            </param>
          </params>
          <reporter-output>
          </reporter-output>
        </test-method> <!-- runScenario -->
        <test-method signature="runScenario(io.cucumber.testng.PickleWrapper,io.cucumber.testng.FeatureWrapper)[pri:0, instance:ujian.ujiankelima.cucumber.DemoQARunner@6574a52c]" started-at="2022-09-25T01:46:55 WIB" name="runScenario" description="Runs Cucumber Scenarios" data-provider="scenarios" finished-at="2022-09-25T01:46:59 WIB" duration-ms="4458" status="PASS">
          <params>
            <param index="0">
              <value>
                <![CDATA["Login invalid"]]>
              </value>
            </param>
            <param index="1">
              <value>
                <![CDATA["Login Invalid"]]>
              </value>
            </param>
          </params>
          <reporter-output>
          </reporter-output>
        </test-method> <!-- runScenario -->
        <test-method signature="runScenario(io.cucumber.testng.PickleWrapper,io.cucumber.testng.FeatureWrapper)[pri:0, instance:ujian.ujiankelima.cucumber.DemoQARunner@6574a52c]" started-at="2022-09-25T01:46:59 WIB" name="runScenario" description="Runs Cucumber Scenarios" data-provider="scenarios" finished-at="2022-09-25T01:47:04 WIB" duration-ms="4529" status="PASS">
          <params>
            <param index="0">
              <value>
                <![CDATA["Login invalid"]]>
              </value>
            </param>
            <param index="1">
              <value>
                <![CDATA["Login Invalid"]]>
              </value>
            </param>
          </params>
          <reporter-output>
          </reporter-output>
        </test-method> <!-- runScenario -->
        <test-method signature="runScenario(io.cucumber.testng.PickleWrapper,io.cucumber.testng.FeatureWrapper)[pri:0, instance:ujian.ujiankelima.cucumber.DemoQARunner@6574a52c]" started-at="2022-09-25T01:47:04 WIB" name="runScenario" description="Runs Cucumber Scenarios" data-provider="scenarios" finished-at="2022-09-25T01:47:11 WIB" duration-ms="6688" status="PASS">
          <params>
            <param index="0">
              <value>
                <![CDATA["Register invalid"]]>
              </value>
            </param>
            <param index="1">
              <value>
                <![CDATA["Register Invalid"]]>
              </value>
            </param>
          </params>
          <reporter-output>
          </reporter-output>
        </test-method> <!-- runScenario -->
        <test-method signature="runScenario(io.cucumber.testng.PickleWrapper,io.cucumber.testng.FeatureWrapper)[pri:0, instance:ujian.ujiankelima.cucumber.DemoQARunner@6574a52c]" started-at="2022-09-25T01:47:11 WIB" name="runScenario" description="Runs Cucumber Scenarios" data-provider="scenarios" finished-at="2022-09-25T01:47:18 WIB" duration-ms="7059" status="PASS">
          <params>
            <param index="0">
              <value>
                <![CDATA["Register invalid"]]>
              </value>
            </param>
            <param index="1">
              <value>
                <![CDATA["Register Invalid"]]>
              </value>
            </param>
          </params>
          <reporter-output>
          </reporter-output>
        </test-method> <!-- runScenario -->
        <test-method signature="runScenario(io.cucumber.testng.PickleWrapper,io.cucumber.testng.FeatureWrapper)[pri:0, instance:ujian.ujiankelima.cucumber.DemoQARunner@6574a52c]" started-at="2022-09-25T01:47:18 WIB" name="runScenario" description="Runs Cucumber Scenarios" data-provider="scenarios" finished-at="2022-09-25T01:47:24 WIB" duration-ms="6543" status="PASS">
          <params>
            <param index="0">
              <value>
                <![CDATA["Register invalid"]]>
              </value>
            </param>
            <param index="1">
              <value>
                <![CDATA["Register Invalid"]]>
              </value>
            </param>
          </params>
          <reporter-output>
          </reporter-output>
        </test-method> <!-- runScenario -->
        <test-method is-config="true" signature="tearDownClass()[pri:0, instance:ujian.ujiankelima.cucumber.DemoQARunner@6574a52c]" started-at="2022-09-25T01:47:24 WIB" name="tearDownClass" finished-at="2022-09-25T01:47:27 WIB" duration-ms="2317" status="PASS">
          <reporter-output>
          </reporter-output>
        </test-method> <!-- tearDownClass -->
      </class> <!-- ujian.ujiankelima.cucumber.DemoQARunner -->
    </test> <!-- Default test -->
  </suite> <!-- Default suite -->
</testng-results>
