<?xml version="1.0" encoding="UTF-8"?>
<testng-results ignored="0" total="1" passed="1" failed="0" skipped="0">
  <reporter-output>
  </reporter-output>
  <suite started-at="2022-09-15T00:00:51 WIB" name="Default suite" finished-at="2022-09-15T00:01:01 WIB" duration-ms="9936">
    <groups>
    </groups>
    <test started-at="2022-09-15T00:00:51 WIB" name="Default test" finished-at="2022-09-15T00:01:01 WIB" duration-ms="9936">
      <class name="tugas.selenium.formy.CompleteWebForm">
        <test-method is-config="true" signature="setUp()[pri:0, instance:tugas.selenium.formy.CompleteWebForm@13fd2ccd]" started-at="2022-09-15T00:00:51 WIB" name="setUp" finished-at="2022-09-15T00:00:54 WIB" duration-ms="2337" status="PASS">
          <reporter-output>
          </reporter-output>
        </test-method> <!-- setUp -->
        <test-method signature="testCompleteWebForm()[pri:0, instance:tugas.selenium.formy.CompleteWebForm@13fd2ccd]" started-at="2022-09-15T00:00:54 WIB" name="testCompleteWebForm" finished-at="2022-09-15T00:01:01 WIB" duration-ms="7301" status="PASS">
          <reporter-output>
          </reporter-output>
        </test-method> <!-- testCompleteWebForm -->
        <test-method is-config="true" signature="tearDown()[pri:0, instance:tugas.selenium.formy.CompleteWebForm@13fd2ccd]" started-at="2022-09-15T00:01:01 WIB" name="tearDown" finished-at="2022-09-15T00:01:01 WIB" duration-ms="249" status="PASS">
          <reporter-output>
          </reporter-output>
        </test-method> <!-- tearDown -->
      </class> <!-- tugas.selenium.formy.CompleteWebForm -->
    </test> <!-- Default test -->
  </suite> <!-- Default suite -->
</testng-results>
