<?xml version="1.0" encoding="UTF-8"?>
<testng-results ignored="0" total="15" passed="15" failed="0" skipped="0">
  <reporter-output>
  </reporter-output>
  <suite started-at="2022-09-18T03:21:52 WIB" name="Default suite" finished-at="2022-09-18T03:22:08 WIB" duration-ms="15928">
    <groups>
    </groups>
    <test started-at="2022-09-18T03:21:52 WIB" name="Default test" finished-at="2022-09-18T03:22:08 WIB" duration-ms="15928">
      <class name="ujian.ujiankeempat.openweather.ByCityId">
        <test-method is-config="true" signature="befTest()[pri:0, instance:ujian.ujiankeempat.openweather.ByCityId@130c12b7]" started-at="2022-09-18T03:21:52 WIB" name="befTest" finished-at="2022-09-18T03:21:54 WIB" duration-ms="1724" status="PASS">
          <reporter-output>
          </reporter-output>
        </test-method> <!-- befTest -->
        <test-method signature="testGet(java.lang.String)[pri:0, instance:ujian.ujiankeempat.openweather.ByCityId@130c12b7]" started-at="2022-09-18T03:21:54 WIB" name="testGet" data-provider="DataProviderFirst" finished-at="2022-09-18T03:21:56 WIB" duration-ms="2321" status="PASS">
          <params>
            <param index="0">
              <value>
                <![CDATA[1639900]]>
              </value>
            </param>
          </params>
          <reporter-output>
          </reporter-output>
        </test-method> <!-- testGet -->
        <test-method signature="testGet(java.lang.String)[pri:0, instance:ujian.ujiankeempat.openweather.ByCityId@130c12b7]" started-at="2022-09-18T03:21:56 WIB" name="testGet" data-provider="DataProviderFirst" finished-at="2022-09-18T03:21:57 WIB" duration-ms="663" status="PASS">
          <params>
            <param index="0">
              <value>
                <![CDATA[1639925]]>
              </value>
            </param>
          </params>
          <reporter-output>
          </reporter-output>
        </test-method> <!-- testGet -->
        <test-method signature="testGet(java.lang.String)[pri:0, instance:ujian.ujiankeempat.openweather.ByCityId@130c12b7]" started-at="2022-09-18T03:21:57 WIB" name="testGet" data-provider="DataProviderFirst" finished-at="2022-09-18T03:21:57 WIB" duration-ms="890" status="PASS">
          <params>
            <param index="0">
              <value>
                <![CDATA[1640044]]>
              </value>
            </param>
          </params>
          <reporter-output>
          </reporter-output>
        </test-method> <!-- testGet -->
        <test-method signature="testGet(java.lang.String)[pri:0, instance:ujian.ujiankeempat.openweather.ByCityId@130c12b7]" started-at="2022-09-18T03:21:57 WIB" name="testGet" data-provider="DataProviderFirst" finished-at="2022-09-18T03:21:58 WIB" duration-ms="513" status="PASS">
          <params>
            <param index="0">
              <value>
                <![CDATA[1640057]]>
              </value>
            </param>
          </params>
          <reporter-output>
          </reporter-output>
        </test-method> <!-- testGet -->
        <test-method signature="testGet(java.lang.String)[pri:0, instance:ujian.ujiankeempat.openweather.ByCityId@130c12b7]" started-at="2022-09-18T03:21:58 WIB" name="testGet" data-provider="DataProviderFirst" finished-at="2022-09-18T03:21:59 WIB" duration-ms="597" status="PASS">
          <params>
            <param index="0">
              <value>
                <![CDATA[1640067]]>
              </value>
            </param>
          </params>
          <reporter-output>
          </reporter-output>
        </test-method> <!-- testGet -->
        <test-method signature="testGet(java.lang.String)[pri:0, instance:ujian.ujiankeempat.openweather.ByCityId@130c12b7]" started-at="2022-09-18T03:21:59 WIB" name="testGet" data-provider="DataProviderFirst" finished-at="2022-09-18T03:21:59 WIB" duration-ms="642" status="PASS">
          <params>
            <param index="0">
              <value>
                <![CDATA[1640101]]>
              </value>
            </param>
          </params>
          <reporter-output>
          </reporter-output>
        </test-method> <!-- testGet -->
        <test-method signature="testGet(java.lang.String)[pri:0, instance:ujian.ujiankeempat.openweather.ByCityId@130c12b7]" started-at="2022-09-18T03:21:59 WIB" name="testGet" data-provider="DataProviderFirst" finished-at="2022-09-18T03:22:00 WIB" duration-ms="1087" status="PASS">
          <params>
            <param index="0">
              <value>
                <![CDATA[1640118]]>
              </value>
            </param>
          </params>
          <reporter-output>
          </reporter-output>
        </test-method> <!-- testGet -->
        <test-method signature="testGet(java.lang.String)[pri:0, instance:ujian.ujiankeempat.openweather.ByCityId@130c12b7]" started-at="2022-09-18T03:22:00 WIB" name="testGet" data-provider="DataProviderFirst" finished-at="2022-09-18T03:22:03 WIB" duration-ms="2356" status="PASS">
          <params>
            <param index="0">
              <value>
                <![CDATA[1640138]]>
              </value>
            </param>
          </params>
          <reporter-output>
          </reporter-output>
        </test-method> <!-- testGet -->
        <test-method signature="testGet(java.lang.String)[pri:0, instance:ujian.ujiankeempat.openweather.ByCityId@130c12b7]" started-at="2022-09-18T03:22:03 WIB" name="testGet" data-provider="DataProviderFirst" finished-at="2022-09-18T03:22:03 WIB" duration-ms="706" status="PASS">
          <params>
            <param index="0">
              <value>
                <![CDATA[1640154]]>
              </value>
            </param>
          </params>
          <reporter-output>
          </reporter-output>
        </test-method> <!-- testGet -->
        <test-method signature="testGet(java.lang.String)[pri:0, instance:ujian.ujiankeempat.openweather.ByCityId@130c12b7]" started-at="2022-09-18T03:22:03 WIB" name="testGet" data-provider="DataProviderFirst" finished-at="2022-09-18T03:22:04 WIB" duration-ms="697" status="PASS">
          <params>
            <param index="0">
              <value>
                <![CDATA[1640169]]>
              </value>
            </param>
          </params>
          <reporter-output>
          </reporter-output>
        </test-method> <!-- testGet -->
        <test-method signature="testGet(java.lang.String)[pri:0, instance:ujian.ujiankeempat.openweather.ByCityId@130c12b7]" started-at="2022-09-18T03:22:04 WIB" name="testGet" data-provider="DataProviderFirst" finished-at="2022-09-18T03:22:05 WIB" duration-ms="612" status="PASS">
          <params>
            <param index="0">
              <value>
                <![CDATA[1640185]]>
              </value>
            </param>
          </params>
          <reporter-output>
          </reporter-output>
        </test-method> <!-- testGet -->
        <test-method signature="testGet(java.lang.String)[pri:0, instance:ujian.ujiankeempat.openweather.ByCityId@130c12b7]" started-at="2022-09-18T03:22:05 WIB" name="testGet" data-provider="DataProviderFirst" finished-at="2022-09-18T03:22:06 WIB" duration-ms="822" status="PASS">
          <params>
            <param index="0">
              <value>
                <![CDATA[1640187]]>
              </value>
            </param>
          </params>
          <reporter-output>
          </reporter-output>
        </test-method> <!-- testGet -->
        <test-method signature="testGet(java.lang.String)[pri:0, instance:ujian.ujiankeempat.openweather.ByCityId@130c12b7]" started-at="2022-09-18T03:22:06 WIB" name="testGet" data-provider="DataProviderFirst" finished-at="2022-09-18T03:22:06 WIB" duration-ms="701" status="PASS">
          <params>
            <param index="0">
              <value>
                <![CDATA[1640197]]>
              </value>
            </param>
          </params>
          <reporter-output>
          </reporter-output>
        </test-method> <!-- testGet -->
        <test-method signature="testGet(java.lang.String)[pri:0, instance:ujian.ujiankeempat.openweather.ByCityId@130c12b7]" started-at="2022-09-18T03:22:06 WIB" name="testGet" data-provider="DataProviderFirst" finished-at="2022-09-18T03:22:07 WIB" duration-ms="711" status="PASS">
          <params>
            <param index="0">
              <value>
                <![CDATA[1640203]]>
              </value>
            </param>
          </params>
          <reporter-output>
          </reporter-output>
        </test-method> <!-- testGet -->
        <test-method signature="testGet(java.lang.String)[pri:0, instance:ujian.ujiankeempat.openweather.ByCityId@130c12b7]" started-at="2022-09-18T03:22:07 WIB" name="testGet" data-provider="DataProviderFirst" finished-at="2022-09-18T03:22:08 WIB" duration-ms="712" status="PASS">
          <params>
            <param index="0">
              <value>
                <![CDATA[1640239]]>
              </value>
            </param>
          </params>
          <reporter-output>
          </reporter-output>
        </test-method> <!-- testGet -->
      </class> <!-- ujian.ujiankeempat.openweather.ByCityId -->
    </test> <!-- Default test -->
  </suite> <!-- Default suite -->
</testng-results>
