<?xml version="1.0" encoding="UTF-8"?>
<testng-results ignored="0" total="1" passed="1" failed="0" skipped="0">
  <reporter-output>
  </reporter-output>
  <suite started-at="2022-09-15T20:31:27 WIB" name="Default suite" finished-at="2022-09-15T20:31:40 WIB" duration-ms="12434">
    <groups>
    </groups>
    <test started-at="2022-09-15T20:31:27 WIB" name="Default test" finished-at="2022-09-15T20:31:40 WIB" duration-ms="12434">
      <class name="tugas.selenium.formy.DragAndDrow">
        <test-method is-config="true" signature="setUp()[pri:0, instance:tugas.selenium.formy.DragAndDrow@48aca48b]" started-at="2022-09-15T20:31:27 WIB" name="setUp" finished-at="2022-09-15T20:31:29 WIB" duration-ms="1667" status="PASS">
          <reporter-output>
          </reporter-output>
        </test-method> <!-- setUp -->
        <test-method signature="testDropdown()[pri:0, instance:tugas.selenium.formy.DragAndDrow@48aca48b]" started-at="2022-09-15T20:31:29 WIB" name="testDropdown" finished-at="2022-09-15T20:31:40 WIB" duration-ms="10551" status="PASS">
          <reporter-output>
          </reporter-output>
        </test-method> <!-- testDropdown -->
        <test-method is-config="true" signature="tearDown()[pri:0, instance:tugas.selenium.formy.DragAndDrow@48aca48b]" started-at="2022-09-15T20:31:40 WIB" name="tearDown" finished-at="2022-09-15T20:31:40 WIB" duration-ms="185" status="PASS">
          <reporter-output>
          </reporter-output>
        </test-method> <!-- tearDown -->
      </class> <!-- tugas.selenium.formy.DragAndDrow -->
    </test> <!-- Default test -->
  </suite> <!-- Default suite -->
</testng-results>
