<?xml version="1.0" encoding="UTF-8"?>
<testng-results ignored="0" total="15" passed="15" failed="0" skipped="0">
  <reporter-output>
  </reporter-output>
  <suite started-at="2022-09-12T14:32:49 WIB" name="Default suite" finished-at="2022-09-12T14:32:53 WIB" duration-ms="4893">
    <groups>
    </groups>
    <test started-at="2022-09-12T14:32:49 WIB" name="Default test" finished-at="2022-09-12T14:32:53 WIB" duration-ms="4893">
      <class name="latihan.restassured.PostDataFromExcel">
        <test-method is-config="true" signature="befTest()[pri:0, instance:latihan.restassured.PostDataFromExcel@483f6d77]" started-at="2022-09-12T14:32:49 WIB" name="befTest" finished-at="2022-09-12T14:32:51 WIB" duration-ms="2114" status="PASS">
          <reporter-output>
          </reporter-output>
        </test-method> <!-- befTest -->
        <test-method signature="testPost(java.lang.String,java.lang.String,java.lang.String)[pri:0, instance:latihan.restassured.PostDataFromExcel@483f6d77]" started-at="2022-09-12T14:32:51 WIB" name="testPost" data-provider="DataProviderFirst" finished-at="2022-09-12T14:32:53 WIB" duration-ms="1894" status="PASS">
          <params>
            <param index="0">
              <value>
                <![CDATA[Christiano]]>
              </value>
            </param>
            <param index="1">
              <value>
                <![CDATA[jln beruang]]>
              </value>
            </param>
            <param index="2">
              <value>
                <![CDATA[08263578936]]>
              </value>
            </param>
          </params>
          <reporter-output>
          </reporter-output>
        </test-method> <!-- testPost -->
        <test-method signature="testPost(java.lang.String,java.lang.String,java.lang.String)[pri:0, instance:latihan.restassured.PostDataFromExcel@483f6d77]" started-at="2022-09-12T14:32:53 WIB" name="testPost" data-provider="DataProviderFirst" finished-at="2022-09-12T14:32:53 WIB" duration-ms="73" status="PASS">
          <params>
            <param index="0">
              <value>
                <![CDATA[Roberto]]>
              </value>
            </param>
            <param index="1">
              <value>
                <![CDATA[jln harimau]]>
              </value>
            </param>
            <param index="2">
              <value>
                <![CDATA[08972627489]]>
              </value>
            </param>
          </params>
          <reporter-output>
          </reporter-output>
        </test-method> <!-- testPost -->
        <test-method signature="testPost(java.lang.String,java.lang.String,java.lang.String)[pri:0, instance:latihan.restassured.PostDataFromExcel@483f6d77]" started-at="2022-09-12T14:32:53 WIB" name="testPost" data-provider="DataProviderFirst" finished-at="2022-09-12T14:32:53 WIB" duration-ms="69" status="PASS">
          <params>
            <param index="0">
              <value>
                <![CDATA[Marc]]>
              </value>
            </param>
            <param index="1">
              <value>
                <![CDATA[jln singa]]>
              </value>
            </param>
            <param index="2">
              <value>
                <![CDATA[08526478826]]>
              </value>
            </param>
          </params>
          <reporter-output>
          </reporter-output>
        </test-method> <!-- testPost -->
        <test-method signature="testPost(java.lang.String,java.lang.String,java.lang.String)[pri:0, instance:latihan.restassured.PostDataFromExcel@483f6d77]" started-at="2022-09-12T14:32:53 WIB" name="testPost" data-provider="DataProviderFirst" finished-at="2022-09-12T14:32:53 WIB" duration-ms="59" status="PASS">
          <params>
            <param index="0">
              <value>
                <![CDATA[Andi]]>
              </value>
            </param>
            <param index="1">
              <value>
                <![CDATA[jln madu]]>
              </value>
            </param>
            <param index="2">
              <value>
                <![CDATA[0863782628]]>
              </value>
            </param>
          </params>
          <reporter-output>
          </reporter-output>
        </test-method> <!-- testPost -->
        <test-method signature="testPost(java.lang.String,java.lang.String,java.lang.String)[pri:0, instance:latihan.restassured.PostDataFromExcel@483f6d77]" started-at="2022-09-12T14:32:53 WIB" name="testPost" data-provider="DataProviderFirst" finished-at="2022-09-12T14:32:53 WIB" duration-ms="42" status="PASS">
          <params>
            <param index="0">
              <value>
                <![CDATA[Ani]]>
              </value>
            </param>
            <param index="1">
              <value>
                <![CDATA[jln pahlawan]]>
              </value>
            </param>
            <param index="2">
              <value>
                <![CDATA[08263625718]]>
              </value>
            </param>
          </params>
          <reporter-output>
          </reporter-output>
        </test-method> <!-- testPost -->
        <test-method signature="testPost(java.lang.String,java.lang.String,java.lang.String)[pri:0, instance:latihan.restassured.PostDataFromExcel@483f6d77]" started-at="2022-09-12T14:32:53 WIB" name="testPost" data-provider="DataProviderFirst" finished-at="2022-09-12T14:32:53 WIB" duration-ms="45" status="PASS">
          <params>
            <param index="0">
              <value>
                <![CDATA[Budi]]>
              </value>
            </param>
            <param index="1">
              <value>
                <![CDATA[jln pemuda]]>
              </value>
            </param>
            <param index="2">
              <value>
                <![CDATA[08561863178]]>
              </value>
            </param>
          </params>
          <reporter-output>
          </reporter-output>
        </test-method> <!-- testPost -->
        <test-method signature="testPost(java.lang.String,java.lang.String,java.lang.String)[pri:0, instance:latihan.restassured.PostDataFromExcel@483f6d77]" started-at="2022-09-12T14:32:53 WIB" name="testPost" data-provider="DataProviderFirst" finished-at="2022-09-12T14:32:53 WIB" duration-ms="56" status="PASS">
          <params>
            <param index="0">
              <value>
                <![CDATA[Doni]]>
              </value>
            </param>
            <param index="1">
              <value>
                <![CDATA[jln macan]]>
              </value>
            </param>
            <param index="2">
              <value>
                <![CDATA[08361735173]]>
              </value>
            </param>
          </params>
          <reporter-output>
          </reporter-output>
        </test-method> <!-- testPost -->
        <test-method signature="testPost(java.lang.String,java.lang.String,java.lang.String)[pri:0, instance:latihan.restassured.PostDataFromExcel@483f6d77]" started-at="2022-09-12T14:32:53 WIB" name="testPost" data-provider="DataProviderFirst" finished-at="2022-09-12T14:32:53 WIB" duration-ms="48" status="PASS">
          <params>
            <param index="0">
              <value>
                <![CDATA[Deni]]>
              </value>
            </param>
            <param index="1">
              <value>
                <![CDATA[jln merpati]]>
              </value>
            </param>
            <param index="2">
              <value>
                <![CDATA[08715153748]]>
              </value>
            </param>
          </params>
          <reporter-output>
          </reporter-output>
        </test-method> <!-- testPost -->
        <test-method signature="testPost(java.lang.String,java.lang.String,java.lang.String)[pri:0, instance:latihan.restassured.PostDataFromExcel@483f6d77]" started-at="2022-09-12T14:32:53 WIB" name="testPost" data-provider="DataProviderFirst" finished-at="2022-09-12T14:32:53 WIB" duration-ms="44" status="PASS">
          <params>
            <param index="0">
              <value>
                <![CDATA[Marco]]>
              </value>
            </param>
            <param index="1">
              <value>
                <![CDATA[jln gagak]]>
              </value>
            </param>
            <param index="2">
              <value>
                <![CDATA[08715378922]]>
              </value>
            </param>
          </params>
          <reporter-output>
          </reporter-output>
        </test-method> <!-- testPost -->
        <test-method signature="testPost(java.lang.String,java.lang.String,java.lang.String)[pri:0, instance:latihan.restassured.PostDataFromExcel@483f6d77]" started-at="2022-09-12T14:32:53 WIB" name="testPost" data-provider="DataProviderFirst" finished-at="2022-09-12T14:32:53 WIB" duration-ms="58" status="PASS">
          <params>
            <param index="0">
              <value>
                <![CDATA[Alonso]]>
              </value>
            </param>
            <param index="1">
              <value>
                <![CDATA[jln lebah]]>
              </value>
            </param>
            <param index="2">
              <value>
                <![CDATA[09126351789]]>
              </value>
            </param>
          </params>
          <reporter-output>
          </reporter-output>
        </test-method> <!-- testPost -->
        <test-method signature="testPost(java.lang.String,java.lang.String,java.lang.String)[pri:0, instance:latihan.restassured.PostDataFromExcel@483f6d77]" started-at="2022-09-12T14:32:53 WIB" name="testPost" data-provider="DataProviderFirst" finished-at="2022-09-12T14:32:53 WIB" duration-ms="45" status="PASS">
          <params>
            <param index="0">
              <value>
                <![CDATA[Fany]]>
              </value>
            </param>
            <param index="1">
              <value>
                <![CDATA[jln tupay]]>
              </value>
            </param>
            <param index="2">
              <value>
                <![CDATA[08193619100]]>
              </value>
            </param>
          </params>
          <reporter-output>
          </reporter-output>
        </test-method> <!-- testPost -->
        <test-method signature="testPost(java.lang.String,java.lang.String,java.lang.String)[pri:0, instance:latihan.restassured.PostDataFromExcel@483f6d77]" started-at="2022-09-12T14:32:53 WIB" name="testPost" data-provider="DataProviderFirst" finished-at="2022-09-12T14:32:53 WIB" duration-ms="43" status="PASS">
          <params>
            <param index="0">
              <value>
                <![CDATA[Funi]]>
              </value>
            </param>
            <param index="1">
              <value>
                <![CDATA[jln pepaya]]>
              </value>
            </param>
            <param index="2">
              <value>
                <![CDATA[08161537381]]>
              </value>
            </param>
          </params>
          <reporter-output>
          </reporter-output>
        </test-method> <!-- testPost -->
        <test-method signature="testPost(java.lang.String,java.lang.String,java.lang.String)[pri:0, instance:latihan.restassured.PostDataFromExcel@483f6d77]" started-at="2022-09-12T14:32:53 WIB" name="testPost" data-provider="DataProviderFirst" finished-at="2022-09-12T14:32:53 WIB" duration-ms="48" status="PASS">
          <params>
            <param index="0">
              <value>
                <![CDATA[Gabriel]]>
              </value>
            </param>
            <param index="1">
              <value>
                <![CDATA[jln bayam]]>
              </value>
            </param>
            <param index="2">
              <value>
                <![CDATA[08162153571]]>
              </value>
            </param>
          </params>
          <reporter-output>
          </reporter-output>
        </test-method> <!-- testPost -->
        <test-method signature="testPost(java.lang.String,java.lang.String,java.lang.String)[pri:0, instance:latihan.restassured.PostDataFromExcel@483f6d77]" started-at="2022-09-12T14:32:53 WIB" name="testPost" data-provider="DataProviderFirst" finished-at="2022-09-12T14:32:53 WIB" duration-ms="44" status="PASS">
          <params>
            <param index="0">
              <value>
                <![CDATA[Gavi]]>
              </value>
            </param>
            <param index="1">
              <value>
                <![CDATA[jln apel]]>
              </value>
            </param>
            <param index="2">
              <value>
                <![CDATA[08136183619]]>
              </value>
            </param>
          </params>
          <reporter-output>
          </reporter-output>
        </test-method> <!-- testPost -->
        <test-method signature="testPost(java.lang.String,java.lang.String,java.lang.String)[pri:0, instance:latihan.restassured.PostDataFromExcel@483f6d77]" started-at="2022-09-12T14:32:53 WIB" name="testPost" data-provider="DataProviderFirst" finished-at="2022-09-12T14:32:53 WIB" duration-ms="62" status="PASS">
          <params>
            <param index="0">
              <value>
                <![CDATA[Jho]]>
              </value>
            </param>
            <param index="1">
              <value>
                <![CDATA[jln kol]]>
              </value>
            </param>
            <param index="2">
              <value>
                <![CDATA[08132518615]]>
              </value>
            </param>
          </params>
          <reporter-output>
          </reporter-output>
        </test-method> <!-- testPost -->
      </class> <!-- latihan.restassured.PostDataFromExcel -->
    </test> <!-- Default test -->
  </suite> <!-- Default suite -->
</testng-results>
