<?xml version="1.0" encoding="UTF-8"?>
<testng-results ignored="0" total="1" passed="1" failed="0" skipped="0">
  <reporter-output>
  </reporter-output>
  <suite started-at="2022-09-16T23:56:22 WIB" name="Default suite" finished-at="2022-09-16T23:56:30 WIB" duration-ms="8251">
    <groups>
    </groups>
    <test started-at="2022-09-16T23:56:22 WIB" name="Default test" finished-at="2022-09-16T23:56:30 WIB" duration-ms="8251">
      <class name="tugas.selenium.amazon.TestDemoAUT">
        <test-method is-config="true" signature="pageObjext()[pri:0, instance:tugas.selenium.amazon.TestDemoAUT@1de5f259]" started-at="2022-09-16T23:56:22 WIB" name="pageObjext" finished-at="2022-09-16T23:56:26 WIB" duration-ms="4694" status="PASS">
          <reporter-output>
          </reporter-output>
        </test-method> <!-- pageObjext -->
        <test-method signature="testDemoAUT()[pri:0, instance:tugas.selenium.amazon.TestDemoAUT@1de5f259]" started-at="2022-09-16T23:56:26 WIB" name="testDemoAUT" finished-at="2022-09-16T23:56:27 WIB" duration-ms="824" status="PASS">
          <reporter-output>
          </reporter-output>
        </test-method> <!-- testDemoAUT -->
        <test-method is-config="true" signature="closeBrowser()[pri:0, instance:tugas.selenium.amazon.TestDemoAUT@1de5f259]" started-at="2022-09-16T23:56:27 WIB" name="closeBrowser" finished-at="2022-09-16T23:56:30 WIB" duration-ms="2699" status="PASS">
          <reporter-output>
          </reporter-output>
        </test-method> <!-- closeBrowser -->
      </class> <!-- tugas.selenium.amazon.TestDemoAUT -->
    </test> <!-- Default test -->
  </suite> <!-- Default suite -->
</testng-results>
