<?xml version="1.0" encoding="UTF-8"?>
<testng-results ignored="0" total="8" passed="8" failed="0" skipped="0">
  <reporter-output>
  </reporter-output>
  <suite started-at="2022-09-25T10:13:19 WIB" name="Default suite" finished-at="2022-09-25T10:14:19 WIB" duration-ms="60429">
    <groups>
      <group name="cucumber">
        <method signature="AbstractTestNGCucumberTests.runScenario(io.cucumber.testng.PickleWrapper,io.cucumber.testng.FeatureWrapper)[pri:0, instance:ujian.ujiankelima.cucumber.DemoQARunner@6574a52c]" name="runScenario" class="io.cucumber.testng.AbstractTestNGCucumberTests"/>
      </group> <!-- cucumber -->
    </groups>
    <test started-at="2022-09-25T10:13:19 WIB" name="Default test" finished-at="2022-09-25T10:14:19 WIB" duration-ms="60429">
      <class name="ujian.ujiankelima.cucumber.DemoQARunner">
        <test-method is-config="true" signature="setUpClass(org.testng.ITestContext)[pri:0, instance:ujian.ujiankelima.cucumber.DemoQARunner@6574a52c]" started-at="2022-09-25T10:13:19 WIB" name="setUpClass" finished-at="2022-09-25T10:13:20 WIB" duration-ms="919" status="PASS">
          <params>
            <param index="0">
              <value>
                <![CDATA[org.testng.TestRunner@7103745]]>
              </value>
            </param>
          </params>
          <reporter-output>
          </reporter-output>
        </test-method> <!-- setUpClass -->
        <test-method signature="runScenario(io.cucumber.testng.PickleWrapper,io.cucumber.testng.FeatureWrapper)[pri:0, instance:ujian.ujiankelima.cucumber.DemoQARunner@6574a52c]" started-at="2022-09-25T10:13:20 WIB" name="runScenario" description="Runs Cucumber Scenarios" data-provider="scenarios" finished-at="2022-09-25T10:13:32 WIB" duration-ms="12393" status="PASS">
          <params>
            <param index="0">
              <value>
                <![CDATA["Login invalid"]]>
              </value>
            </param>
            <param index="1">
              <value>
                <![CDATA["Login Invalid"]]>
              </value>
            </param>
          </params>
          <reporter-output>
          </reporter-output>
        </test-method> <!-- runScenario -->
        <test-method signature="runScenario(io.cucumber.testng.PickleWrapper,io.cucumber.testng.FeatureWrapper)[pri:0, instance:ujian.ujiankelima.cucumber.DemoQARunner@6574a52c]" started-at="2022-09-25T10:13:32 WIB" name="runScenario" description="Runs Cucumber Scenarios" data-provider="scenarios" finished-at="2022-09-25T10:13:38 WIB" duration-ms="5112" status="PASS">
          <params>
            <param index="0">
              <value>
                <![CDATA["Login invalid"]]>
              </value>
            </param>
            <param index="1">
              <value>
                <![CDATA["Login Invalid"]]>
              </value>
            </param>
          </params>
          <reporter-output>
          </reporter-output>
        </test-method> <!-- runScenario -->
        <test-method signature="runScenario(io.cucumber.testng.PickleWrapper,io.cucumber.testng.FeatureWrapper)[pri:0, instance:ujian.ujiankelima.cucumber.DemoQARunner@6574a52c]" started-at="2022-09-25T10:13:38 WIB" name="runScenario" description="Runs Cucumber Scenarios" data-provider="scenarios" finished-at="2022-09-25T10:13:44 WIB" duration-ms="6070" status="PASS">
          <params>
            <param index="0">
              <value>
                <![CDATA["Login invalid"]]>
              </value>
            </param>
            <param index="1">
              <value>
                <![CDATA["Login Invalid"]]>
              </value>
            </param>
          </params>
          <reporter-output>
          </reporter-output>
        </test-method> <!-- runScenario -->
        <test-method signature="runScenario(io.cucumber.testng.PickleWrapper,io.cucumber.testng.FeatureWrapper)[pri:0, instance:ujian.ujiankelima.cucumber.DemoQARunner@6574a52c]" started-at="2022-09-25T10:13:44 WIB" name="runScenario" description="Runs Cucumber Scenarios" data-provider="scenarios" finished-at="2022-09-25T10:13:49 WIB" duration-ms="5725" status="PASS">
          <params>
            <param index="0">
              <value>
                <![CDATA["Login invalid"]]>
              </value>
            </param>
            <param index="1">
              <value>
                <![CDATA["Login Invalid"]]>
              </value>
            </param>
          </params>
          <reporter-output>
          </reporter-output>
        </test-method> <!-- runScenario -->
        <test-method signature="runScenario(io.cucumber.testng.PickleWrapper,io.cucumber.testng.FeatureWrapper)[pri:0, instance:ujian.ujiankelima.cucumber.DemoQARunner@6574a52c]" started-at="2022-09-25T10:13:49 WIB" name="runScenario" description="Runs Cucumber Scenarios" data-provider="scenarios" finished-at="2022-09-25T10:13:55 WIB" duration-ms="6038" status="PASS">
          <params>
            <param index="0">
              <value>
                <![CDATA["Login invalid"]]>
              </value>
            </param>
            <param index="1">
              <value>
                <![CDATA["Login Invalid"]]>
              </value>
            </param>
          </params>
          <reporter-output>
          </reporter-output>
        </test-method> <!-- runScenario -->
        <test-method signature="runScenario(io.cucumber.testng.PickleWrapper,io.cucumber.testng.FeatureWrapper)[pri:0, instance:ujian.ujiankelima.cucumber.DemoQARunner@6574a52c]" started-at="2022-09-25T10:13:55 WIB" name="runScenario" description="Runs Cucumber Scenarios" data-provider="scenarios" finished-at="2022-09-25T10:14:03 WIB" duration-ms="7500" status="PASS">
          <params>
            <param index="0">
              <value>
                <![CDATA["Register invalid"]]>
              </value>
            </param>
            <param index="1">
              <value>
                <![CDATA["Register Invalid"]]>
              </value>
            </param>
          </params>
          <reporter-output>
          </reporter-output>
        </test-method> <!-- runScenario -->
        <test-method signature="runScenario(io.cucumber.testng.PickleWrapper,io.cucumber.testng.FeatureWrapper)[pri:0, instance:ujian.ujiankelima.cucumber.DemoQARunner@6574a52c]" started-at="2022-09-25T10:14:03 WIB" name="runScenario" description="Runs Cucumber Scenarios" data-provider="scenarios" finished-at="2022-09-25T10:14:10 WIB" duration-ms="7100" status="PASS">
          <params>
            <param index="0">
              <value>
                <![CDATA["Register invalid"]]>
              </value>
            </param>
            <param index="1">
              <value>
                <![CDATA["Register Invalid"]]>
              </value>
            </param>
          </params>
          <reporter-output>
          </reporter-output>
        </test-method> <!-- runScenario -->
        <test-method signature="runScenario(io.cucumber.testng.PickleWrapper,io.cucumber.testng.FeatureWrapper)[pri:0, instance:ujian.ujiankelima.cucumber.DemoQARunner@6574a52c]" started-at="2022-09-25T10:14:10 WIB" name="runScenario" description="Runs Cucumber Scenarios" data-provider="scenarios" finished-at="2022-09-25T10:14:17 WIB" duration-ms="6923" status="PASS">
          <params>
            <param index="0">
              <value>
                <![CDATA["Register invalid"]]>
              </value>
            </param>
            <param index="1">
              <value>
                <![CDATA["Register Invalid"]]>
              </value>
            </param>
          </params>
          <reporter-output>
          </reporter-output>
        </test-method> <!-- runScenario -->
        <test-method is-config="true" signature="tearDownClass()[pri:0, instance:ujian.ujiankelima.cucumber.DemoQARunner@6574a52c]" started-at="2022-09-25T10:14:17 WIB" name="tearDownClass" finished-at="2022-09-25T10:14:19 WIB" duration-ms="2586" status="PASS">
          <reporter-output>
          </reporter-output>
        </test-method> <!-- tearDownClass -->
      </class> <!-- ujian.ujiankelima.cucumber.DemoQARunner -->
    </test> <!-- Default test -->
  </suite> <!-- Default suite -->
</testng-results>
